

Started GET "/" for ::1 at 2015-07-20 11:35:26 -0400
  [1m[36mActiveRecord::SchemaMigration Load (0.4ms)[0m  [1mSELECT "schema_migrations".* FROM "schema_migrations"[0m
Processing by HomeController#index as HTML
  Rendered home/index.html.erb within layouts/application (2.6ms)
Completed 200 OK in 269ms (Views: 258.6ms | ActiveRecord: 0.0ms)


Started POST "/home/index" for ::1 at 2015-07-20 11:35:36 -0400
Processing by HomeController#new as HTML
  Parameters: {"utf8"=>"✓", "authenticity_token"=>"0hG8GJjhT7rQS4zIQQxUYJHPP1/D3Noa0s7HRXROpvcbKvTjy7txIprLhBOhCQbPrJsFEleSxy3uume94byf7A==", "handle"=>"mitchellhart", "commit"=>" find out "}
  [1m[35mUser Load (0.8ms)[0m  SELECT  "users".* FROM "users"  ORDER BY "users"."id" DESC LIMIT 1
  [1m[36m (0.1ms)[0m  [1mbegin transaction[0m
  [1m[35mSQL (0.8ms)[0m  INSERT INTO "users" ("name", "created_at", "updated_at") VALUES (?, ?, ?)  [["name", "mitchellhart"], ["created_at", "2015-07-20 15:35:36.753996"], ["updated_at", "2015-07-20 15:35:36.753996"]]
  [1m[36m (0.8ms)[0m  [1mcommit transaction[0m
  [1m[35mUser Load (0.2ms)[0m  SELECT  "users".* FROM "users"  ORDER BY "users"."id" DESC LIMIT 1
  [1m[36mCACHE (0.0ms)[0m  [1mSELECT  "users".* FROM "users"  ORDER BY "users"."id" DESC LIMIT 1[0m
  [1m[35m (0.1ms)[0m  begin transaction
  [1m[36mSQL (0.7ms)[0m  [1mUPDATE "users" SET "score_f" = ?, "updated_at" = ? WHERE "users"."id" = ?[0m  [["score_f", 8.0], ["updated_at", "2015-07-20 15:35:41.539245"], ["id", 83]]
  [1m[35m (0.7ms)[0m  commit transaction
Redirected to http://localhost:3000/show/83
Completed 302 Found in 4810ms (ActiveRecord: 4.9ms)


Started GET "/show/83" for ::1 at 2015-07-20 11:35:41 -0400
Processing by HomeController#show as HTML
  Parameters: {"id"=>"83"}
  [1m[36mUser Load (0.4ms)[0m  [1mSELECT  "users".* FROM "users" WHERE "users"."id" = ? LIMIT 1[0m  [["id", 83]]
  Rendered home/show.html.erb within layouts/application (1.1ms)
Completed 200 OK in 50ms (Views: 45.2ms | ActiveRecord: 0.4ms)


Started GET "/" for ::1 at 2015-07-20 11:42:19 -0400
  [1m[36mActiveRecord::SchemaMigration Load (0.1ms)[0m  [1mSELECT "schema_migrations".* FROM "schema_migrations"[0m
Processing by HomeController#index as HTML
  Rendered home/index.html.erb within layouts/application (2.3ms)
Completed 200 OK in 299ms (Views: 289.6ms | ActiveRecord: 0.0ms)


Started GET "/" for ::1 at 2015-07-20 11:42:20 -0400
Processing by HomeController#index as HTML
  Rendered home/index.html.erb within layouts/application (0.7ms)
Completed 200 OK in 70ms (Views: 69.4ms | ActiveRecord: 0.0ms)


Started GET "/assets/home.self-e3b0c44298fc1c149afbf4c8996fb92427ae41e4649b934ca495991b7852b855.css?body=1" for ::1 at 2015-07-20 11:42:20 -0400


Started GET "/assets/bootstrap.min.self-6dd856a21841afc2e3d44e0da21073d5fa99547d0111f1faed38bed76149b0e9.css?body=1" for ::1 at 2015-07-20 11:42:20 -0400


Started GET "/assets/jquery.self-d03a5518f45df77341bdbe6201ba3bfa547ebba8ed64f0ea56bfa5f96ea7c074.js?body=1" for ::1 at 2015-07-20 11:42:20 -0400


Started GET "/assets/narcissism.self-a5df5b3482114d146414fb0bed422e74b27b37eb93466327984d28ad5af753ce.css?body=1" for ::1 at 2015-07-20 11:42:20 -0400


Started GET "/assets/application.self-8afdbb65abc930f2108b1a17dc10dda4db6e939bd28fc954d14e8245f1b09e6b.css?body=1" for ::1 at 2015-07-20 11:42:20 -0400


Started GET "/assets/jquery_ujs.self-ca5248a2fad13d6bd58ea121318d642f195f0b2dd818b30615f785ff365e8d1f.js?body=1" for ::1 at 2015-07-20 11:42:20 -0400


Started GET "/assets/turbolinks.self-c37727e9bd6b2735da5c311aa83fead54ed0be6cc8bd9a65309e9c5abe2cbfff.js?body=1" for ::1 at 2015-07-20 11:42:20 -0400


Started GET "/assets/app.self-5b0edca3338b966a92d623f9b9d1f17e4413ff1047ace9277f08b16d210e70fe.js?body=1" for ::1 at 2015-07-20 11:42:20 -0400


Started GET "/assets/bootstrap.min.self-df683d9eda4692c9329416397eee8fc5a776ee51b75b1aeff27d2ac10a933a0a.js?body=1" for ::1 at 2015-07-20 11:42:20 -0400


Started GET "/assets/home.self-877aef30ae1b040ab8a3aba4e3e309a11d7f2612f44dde450b5c157aa5f95c05.js?body=1" for ::1 at 2015-07-20 11:42:20 -0400


Started GET "/assets/application.self-13305aac38215578429791b624392d011189a7a32560d69a9c370693519ae8d8.js?body=1" for ::1 at 2015-07-20 11:42:20 -0400


Started POST "/home/index" for ::1 at 2015-07-20 11:42:26 -0400
Processing by HomeController#new as HTML
  Parameters: {"utf8"=>"✓", "authenticity_token"=>"z6Zmwc2v4R5CdePTcB6sKnVqWeS8TyZLTsVs7gumQjYGnS46nvXfhgj16wiQG/6FSD5jqSgBO3xyscwWnlR7LQ==", "handle"=>"WorkerBSaunders", "commit"=>" find out "}
  [1m[35mUser Load (0.3ms)[0m  SELECT  "users".* FROM "users"  ORDER BY "users"."id" DESC LIMIT 1
  [1m[36m (0.2ms)[0m  [1mbegin transaction[0m
  [1m[35mSQL (0.5ms)[0m  INSERT INTO "users" ("name", "created_at", "updated_at") VALUES (?, ?, ?)  [["name", "WorkerBSaunders"], ["created_at", "2015-07-20 15:42:26.867733"], ["updated_at", "2015-07-20 15:42:26.867733"]]
  [1m[36m (0.7ms)[0m  [1mcommit transaction[0m
  [1m[35mUser Load (0.1ms)[0m  SELECT  "users".* FROM "users"  ORDER BY "users"."id" DESC LIMIT 1
  [1m[36mCACHE (0.0ms)[0m  [1mSELECT  "users".* FROM "users"  ORDER BY "users"."id" DESC LIMIT 1[0m
  [1m[35m (0.1ms)[0m  begin transaction
  [1m[36mSQL (0.4ms)[0m  [1mUPDATE "users" SET "score_f" = ?, "updated_at" = ? WHERE "users"."id" = ?[0m  [["score_f", 3.8], ["updated_at", "2015-07-20 15:42:27.437968"], ["id", 84]]
  [1m[35m (0.9ms)[0m  commit transaction
Redirected to http://localhost:3000/show/84
Completed 302 Found in 597ms (ActiveRecord: 3.6ms)


Started GET "/show/84" for ::1 at 2015-07-20 11:42:27 -0400
Processing by HomeController#show as HTML
  Parameters: {"id"=>"84"}
  [1m[36mUser Load (0.2ms)[0m  [1mSELECT  "users".* FROM "users" WHERE "users"."id" = ? LIMIT 1[0m  [["id", 84]]
  Rendered home/show.html.erb within layouts/application (2.4ms)
Completed 200 OK in 62ms (Views: 57.7ms | ActiveRecord: 0.2ms)
